kotlin version: 2.0.21
error message: org.jetbrains.kotlin.backend.common.CompilationException: Back-end: Please report this problem https://kotl.in/issue
C:/Users/ozbayv/AndroidStudioProjects/blitzmath/app/src/androidMain/kotlin/com/mawelly/blitzmath/LanguageManager.kt:-1:-1
Details: Internal error in file lowering: java.lang.IllegalStateException: should not be called
	at org.jetbrains.kotlin.utils.addToStdlib.AddToStdlibKt.shouldNotBeCalled(addToStdlib.kt:323)
	at org.jetbrains.kotlin.utils.addToStdlib.AddToStdlibKt.shouldNotBeCalled$default(addToStdlib.kt:322)
	at org.jetbrains.kotlin.ir.symbols.impl.IrFakeOverrideSymbolBase.getOwner(IrFakeOverrideSymbol.kt:41)
	at org.jetbrains.kotlin.ir.symbols.impl.IrFakeOverrideSymbolBase.getOwner(IrFakeOverrideSymbol.kt:20)
	at org.jetbrains.kotlin.backend.jvm.lower.ExternalPackageParentPatcherLowering$Visitor.visitMemberAccess(ExternalPackageParentPatcherLowering.kt:39)
	at org.jetbrains.kotlin.ir.visitors.IrElementVisitorVoid$DefaultImpls.visitFunctionAccess(IrElementVisitorVoid.kt:240)
	at org.jetbrains.kotlin.backend.jvm.lower.ExternalPackageParentPatcherLowering$Visitor.visitFunctionAccess(ExternalPackageParentPatcherLowering.kt:32)
	at org.jetbrains.kotlin.ir.visitors.IrElementVisitorVoid$DefaultImpls.visitCall(IrElementVisitorVoid.kt:360)
	at org.jetbrains.kotlin.backend.jvm.lower.ExternalPackageParentPatcherLowering$Visitor.visitCall(ExternalPackageParentPatcherLowering.kt:32)
	at org.jetbrains.kotlin.ir.visitors.IrElementVisitorVoid$DefaultImpls.visitCall(IrElementVisitorVoid.kt:356)
	at org.jetbrains.kotlin.backend.jvm.lower.ExternalPackageParentPatcherLowering$Visitor.visitCall(ExternalPackageParentPatcherLowering.kt:32)
	at org.jetbrains.kotlin.backend.jvm.lower.ExternalPackageParentPatcherLowering$Visitor.visitCall(ExternalPackageParentPatcherLowering.kt:32)
	at org.jetbrains.kotlin.ir.expressions.IrCall.accept(IrCall.kt:24)
	at org.jetbrains.kotlin.ir.expressions.IrMemberAccessExpression.acceptChildren(IrMemberAccessExpression.kt:62)
	at org.jetbrains.kotlin.ir.visitors.IrVisitorsKt.acceptChildrenVoid(IrVisitors.kt:15)
	at org.jetbrains.kotlin.backend.jvm.lower.ExternalPackageParentPatcherLowering$Visitor.visitElement(ExternalPackageParentPatcherLowering.kt:34)
	at org.jetbrains.kotlin.backend.jvm.lower.ExternalPackageParentPatcherLowering$Visitor.visitMemberAccess(ExternalPackageParentPatcherLowering.kt:38)
	at org.jetbrains.kotlin.ir.visitors.IrElementVisitorVoid$DefaultImpls.visitFunctionAccess(IrElementVisitorVoid.kt:240)
	at org.jetbrains.kotlin.backend.jvm.lower.ExternalPackageParentPatcherLowering$Visitor.visitFunctionAccess(ExternalPackageParentPatcherLowering.kt:32)
	at org.jetbrains.kotlin.ir.visitors.IrElementVisitorVoid$DefaultImpls.visitCall(IrElementVisitorVoid.kt:360)
	at org.jetbrains.kotlin.backend.jvm.lower.ExternalPackageParentPatcherLowering$Visitor.visitCall(ExternalPackageParentPatcherLowering.kt:32)
	at org.jetbrains.kotlin.ir.visitors.IrElementVisitorVoid$DefaultImpls.visitCall(IrElementVisitorVoid.kt:356)
	at org.jetbrains.kotlin.backend.jvm.lower.ExternalPackageParentPatcherLowering$Visitor.visitCall(ExternalPackageParentPatcherLowering.kt:32)
	at org.jetbrains.kotlin.backend.jvm.lower.ExternalPackageParentPatcherLowering$Visitor.visitCall(ExternalPackageParentPatcherLowering.kt:32)
	at org.jetbrains.kotlin.ir.expressions.IrCall.accept(IrCall.kt:24)
	at org.jetbrains.kotlin.ir.expressions.IrMemberAccessExpression.acceptChildren(IrMemberAccessExpression.kt:60)
	at org.jetbrains.kotlin.ir.visitors.IrVisitorsKt.acceptChildrenVoid(IrVisitors.kt:15)
	at org.jetbrains.kotlin.backend.jvm.lower.ExternalPackageParentPatcherLowering$Visitor.visitElement(ExternalPackageParentPatcherLowering.kt:34)
	at org.jetbrains.kotlin.backend.jvm.lower.ExternalPackageParentPatcherLowering$Visitor.visitMemberAccess(ExternalPackageParentPatcherLowering.kt:38)
	at org.jetbrains.kotlin.ir.visitors.IrElementVisitorVoid$DefaultImpls.visitFunctionAccess(IrElementVisitorVoid.kt:240)
	at org.jetbrains.kotlin.backend.jvm.lower.ExternalPackageParentPatcherLowering$Visitor.visitFunctionAccess(ExternalPackageParentPatcherLowering.kt:32)
	at org.jetbrains.kotlin.ir.visitors.IrElementVisitorVoid$DefaultImpls.visitCall(IrElementVisitorVoid.kt:360)
	at org.jetbrains.kotlin.backend.jvm.lower.ExternalPackageParentPatcherLowering$Visitor.visitCall(ExternalPackageParentPatcherLowering.kt:32)
	at org.jetbrains.kotlin.ir.visitors.IrElementVisitorVoid$DefaultImpls.visitCall(IrElementVisitorVoid.kt:356)
	at org.jetbrains.kotlin.backend.jvm.lower.ExternalPackageParentPatcherLowering$Visitor.visitCall(ExternalPackageParentPatcherLowering.kt:32)
	at org.jetbrains.kotlin.backend.jvm.lower.ExternalPackageParentPatcherLowering$Visitor.visitCall(ExternalPackageParentPatcherLowering.kt:32)
	at org.jetbrains.kotlin.ir.expressions.IrCall.accept(IrCall.kt:24)
	at org.jetbrains.kotlin.ir.expressions.IrBlockBody.acceptChildren(IrBlockBody.kt:23)
	at org.jetbrains.kotlin.ir.visitors.IrVisitorsKt.acceptChildrenVoid(IrVisitors.kt:15)
	at org.jetbrains.kotlin.backend.jvm.lower.ExternalPackageParentPatcherLowering$Visitor.visitElement(ExternalPackageParentPatcherLowering.kt:34)
	at org.jetbrains.kotlin.ir.visitors.IrElementVisitorVoid$DefaultImpls.visitBody(IrElementVisitorVoid.kt:200)
	at org.jetbrains.kotlin.backend.jvm.lower.ExternalPackageParentPatcherLowering$Visitor.visitBody(ExternalPackageParentPatcherLowering.kt:32)
	at org.jetbrains.kotlin.ir.visitors.IrElementVisitorVoid$DefaultImpls.visitBlockBody(IrElementVisitorVoid.kt:216)
	at org.jetbrains.kotlin.backend.jvm.lower.ExternalPackageParentPatcherLowering$Visitor.visitBlockBody(ExternalPackageParentPatcherLowering.kt:32)
	at org.jetbrains.kotlin.ir.visitors.IrElementVisitorVoid$DefaultImpls.visitBlockBody(IrElementVisitorVoid.kt:212)
	at org.jetbrains.kotlin.backend.jvm.lower.ExternalPackageParentPatcherLowering$Visitor.visitBlockBody(ExternalPackageParentPatcherLowering.kt:32)
	at org.jetbrains.kotlin.backend.jvm.lower.ExternalPackageParentPatcherLowering$Visitor.visitBlockBody(ExternalPackageParentPatcherLowering.kt:32)
	at org.jetbrains.kotlin.ir.expressions.IrBlockBody.accept(IrBlockBody.kt:20)
	at org.jetbrains.kotlin.ir.declarations.IrFunction.acceptChildren(IrFunction.kt:50)
	at org.jetbrains.kotlin.ir.visitors.IrVisitorsKt.acceptChildrenVoid(IrVisitors.kt:15)
	at org.jetbrains.kotlin.backend.jvm.lower.ExternalPackageParentPatcherLowering$Visitor.visitElement(ExternalPackageParentPatcherLowering.kt:34)
	at org.jetbrains.kotlin.ir.visitors.IrElementVisitorVoid$DefaultImpls.visitDeclaration(IrElementVisitorVoid.kt:32)
	at org.jetbrains.kotlin.backend.jvm.lower.ExternalPackageParentPatcherLowering$Visitor.visitDeclaration(ExternalPackageParentPatcherLowering.kt:32)
	at org.jetbrains.kotlin.ir.visitors.IrElementVisitorVoid$DefaultImpls.visitFunction(IrElementVisitorVoid.kt:72)
	at org.jetbrains.kotlin.backend.jvm.lower.ExternalPackageParentPatcherLowering$Visitor.visitFunction(ExternalPackageParentPatcherLowering.kt:32)
	at org.jetbrains.kotlin.ir.visitors.IrElementVisitorVoid$DefaultImpls.visitSimpleFunction(IrElementVisitorVoid.kt:144)
	at org.jetbrains.kotlin.backend.jvm.lower.ExternalPackageParentPatcherLowering$Visitor.visitSimpleFunction(ExternalPackageParentPatcherLowering.kt:32)
	at org.jetbrains.kotlin.ir.visitors.IrElementVisitorVoid$DefaultImpls.visitSimpleFunction(IrElementVisitorVoid.kt:140)
	at org.jetbrains.kotlin.backend.jvm.lower.ExternalPackageParentPatcherLowering$Visitor.visitSimpleFunction(ExternalPackageParentPatcherLowering.kt:32)
	at org.jetbrains.kotlin.backend.jvm.lower.ExternalPackageParentPatcherLowering$Visitor.visitSimpleFunction(ExternalPackageParentPatcherLowering.kt:32)
	at org.jetbrains.kotlin.ir.declarations.IrSimpleFunction.accept(IrSimpleFunction.kt:39)
	at org.jetbrains.kotlin.ir.declarations.IrClass.acceptChildren(IrClass.kt:76)
	at org.jetbrains.kotlin.ir.visitors.IrVisitorsKt.acceptChildrenVoid(IrVisitors.kt:15)
	at org.jetbrains.kotlin.backend.jvm.lower.ExternalPackageParentPatcherLowering$Visitor.visitElement(ExternalPackageParentPatcherLowering.kt:34)
	at org.jetbrains.kotlin.ir.visitors.IrElementVisitorVoid$DefaultImpls.visitDeclaration(IrElementVisitorVoid.kt:32)
	at org.jetbrains.kotlin.backend.jvm.lower.ExternalPackageParentPatcherLowering$Visitor.visitDeclaration(ExternalPackageParentPatcherLowering.kt:32)
	at org.jetbrains.kotlin.ir.visitors.IrElementVisitorVoid$DefaultImpls.visitClass(IrElementVisitorVoid.kt:48)
	at org.jetbrains.kotlin.backend.jvm.lower.ExternalPackageParentPatcherLowering$Visitor.visitClass(ExternalPackageParentPatcherLowering.kt:32)
	at org.jetbrains.kotlin.ir.visitors.IrElementVisitorVoid$DefaultImpls.visitClass(IrElementVisitorVoid.kt:44)
	at org.jetbrains.kotlin.backend.jvm.lower.ExternalPackageParentPatcherLowering$Visitor.visitClass(ExternalPackageParentPatcherLowering.kt:32)
	at org.jetbrains.kotlin.backend.jvm.lower.ExternalPackageParentPatcherLowering$Visitor.visitClass(ExternalPackageParentPatcherLowering.kt:32)
	at org.jetbrains.kotlin.ir.declarations.IrClass.accept(IrClass.kt:72)
	at org.jetbrains.kotlin.ir.declarations.IrFile.acceptChildren(IrFile.kt:34)
	at org.jetbrains.kotlin.ir.visitors.IrVisitorsKt.acceptChildrenVoid(IrVisitors.kt:15)
	at org.jetbrains.kotlin.backend.jvm.lower.ExternalPackageParentPatcherLowering$Visitor.visitElement(ExternalPackageParentPatcherLowering.kt:34)
	at org.jetbrains.kotlin.ir.visitors.IrElementVisitorVoid$DefaultImpls.visitPackageFragment(IrElementVisitorVoid.kt:168)
	at org.jetbrains.kotlin.backend.jvm.lower.ExternalPackageParentPatcherLowering$Visitor.visitPackageFragment(ExternalPackageParentPatcherLowering.kt:32)
	at org.jetbrains.kotlin.ir.visitors.IrElementVisitorVoid$DefaultImpls.visitFile(IrElementVisitorVoid.kt:184)
	at org.jetbrains.kotlin.backend.jvm.lower.ExternalPackageParentPatcherLowering$Visitor.visitFile(ExternalPackageParentPatcherLowering.kt:32)
	at org.jetbrains.kotlin.ir.visitors.IrElementVisitorVoid$DefaultImpls.visitFile(IrElementVisitorVoid.kt:180)
	at org.jetbrains.kotlin.backend.jvm.lower.ExternalPackageParentPatcherLowering$Visitor.visitFile(ExternalPackageParentPatcherLowering.kt:32)
	at org.jetbrains.kotlin.backend.jvm.lower.ExternalPackageParentPatcherLowering$Visitor.visitFile(ExternalPackageParentPatcherLowering.kt:32)
	at org.jetbrains.kotlin.ir.declarations.IrFile.accept(IrFile.kt:28)
	at org.jetbrains.kotlin.ir.visitors.IrVisitorsKt.acceptVoid(IrVisitors.kt:11)
	at org.jetbrains.kotlin.backend.jvm.lower.ExternalPackageParentPatcherLowering.lower(ExternalPackageParentPatcherLowering.kt:28)
	at org.jetbrains.kotlin.backend.common.FileLoweringPass.lower(Lower.kt:42)
	at org.jetbrains.kotlin.backend.common.phaser.PhaseBuildersKt.makeIrModulePhase$lambda$5(PhaseBuilders.kt:110)
	at org.jetbrains.kotlin.backend.common.phaser.PhaseBuildersKt$createSimpleNamedCompilerPhase$1.phaseBody(PhaseBuilders.kt:69)
	at org.jetbrains.kotlin.backend.common.phaser.SimpleNamedCompilerPhase.phaseBody(CompilerPhase.kt:226)
	at org.jetbrains.kotlin.backend.common.phaser.AbstractNamedCompilerPhase.invoke(CompilerPhase.kt:113)
	at org.jetbrains.kotlin.backend.common.phaser.CompositePhase.invoke(PhaseBuilders.kt:20)
	at org.jetbrains.kotlin.backend.common.phaser.CompositePhase.invoke(PhaseBuilders.kt:14)
	at org.jetbrains.kotlin.backend.common.phaser.NamedCompilerPhase.phaseBody(CompilerPhase.kt:166)
	at org.jetbrains.kotlin.backend.common.phaser.AbstractNamedCompilerPhase.invoke(CompilerPhase.kt:113)
	at org.jetbrains.kotlin.backend.common.phaser.CompilerPhaseKt.invokeToplevel(CompilerPhase.kt:62)
	at org.jetbrains.kotlin.backend.jvm.JvmIrCodegenFactory.invokeLowerings(JvmIrCodegenFactory.kt:358)
	at org.jetbrains.kotlin.codegen.CodegenFactory.generateModule(CodegenFactory.kt:46)
	at org.jetbrains.kotlin.backend.jvm.JvmIrCodegenFactory.generateModuleInFrontendIRMode(JvmIrCodegenFactory.kt:433)
	at org.jetbrains.kotlin.cli.jvm.compiler.pipeline.JvmCompilerPipelineKt.generateCodeFromIr(jvmCompilerPipeline.kt:246)
	at org.jetbrains.kotlin.cli.jvm.compiler.pipeline.JvmCompilerPipelineKt.compileModulesUsingFrontendIrAndLightTree(jvmCompilerPipeline.kt:142)
	at org.jetbrains.kotlin.cli.jvm.K2JVMCompiler.doExecute(K2JVMCompiler.kt:148)
	at org.jetbrains.kotlin.cli.jvm.K2JVMCompiler.doExecute(K2JVMCompiler.kt:43)
	at org.jetbrains.kotlin.cli.common.CLICompiler.execImpl(CLICompiler.kt:103)
	at org.jetbrains.kotlin.cli.common.CLICompiler.execImpl(CLICompiler.kt:49)
	at org.jetbrains.kotlin.cli.common.CLITool.exec(CLITool.kt:101)
	at org.jetbrains.kotlin.incremental.IncrementalJvmCompilerRunner.runCompiler(IncrementalJvmCompilerRunner.kt:464)
	at org.jetbrains.kotlin.incremental.IncrementalJvmCompilerRunner.runCompiler(IncrementalJvmCompilerRunner.kt:73)
	at org.jetbrains.kotlin.incremental.IncrementalCompilerRunner.doCompile(IncrementalCompilerRunner.kt:506)
	at org.jetbrains.kotlin.incremental.IncrementalCompilerRunner.compileImpl(IncrementalCompilerRunner.kt:423)
	at org.jetbrains.kotlin.incremental.IncrementalCompilerRunner.compileNonIncrementally(IncrementalCompilerRunner.kt:301)
	at org.jetbrains.kotlin.incremental.IncrementalCompilerRunner.compile(IncrementalCompilerRunner.kt:129)
	at org.jetbrains.kotlin.daemon.CompileServiceImplBase.execIncrementalCompiler(CompileServiceImpl.kt:675)
	at org.jetbrains.kotlin.daemon.CompileServiceImplBase.access$execIncrementalCompiler(CompileServiceImpl.kt:92)
	at org.jetbrains.kotlin.daemon.CompileServiceImpl.compile(CompileServiceImpl.kt:1660)
	at java.base/jdk.internal.reflect.DirectMethodHandleAccessor.invoke(Unknown Source)
	at java.base/java.lang.reflect.Method.invoke(Unknown Source)
	at java.rmi/sun.rmi.server.UnicastServerRef.dispatch(Unknown Source)
	at java.rmi/sun.rmi.transport.Transport$1.run(Unknown Source)
	at java.rmi/sun.rmi.transport.Transport$1.run(Unknown Source)
	at java.base/java.security.AccessController.doPrivileged(Unknown Source)
	at java.rmi/sun.rmi.transport.Transport.serviceCall(Unknown Source)
	at java.rmi/sun.rmi.transport.tcp.TCPTransport.handleMessages(Unknown Source)
	at java.rmi/sun.rmi.transport.tcp.TCPTransport$ConnectionHandler.run0(Unknown Source)
	at java.rmi/sun.rmi.transport.tcp.TCPTransport$ConnectionHandler.lambda$run$0(Unknown Source)
	at java.base/java.security.AccessController.doPrivileged(Unknown Source)
	at java.rmi/sun.rmi.transport.tcp.TCPTransport$ConnectionHandler.run(Unknown Source)
	at java.base/java.util.concurrent.ThreadPoolExecutor.runWorker(Unknown Source)
	at java.base/java.util.concurrent.ThreadPoolExecutor$Worker.run(Unknown Source)
	at java.base/java.lang.Thread.run(Unknown Source)
Caused by: java.lang.IllegalStateException: should not be called
	... 129 more


